This is pdfeTeX, Version 3.141592-1.30.4-2.2 (Web2C 7.5.5) (format=pdflatex 2006.8.2)  15 MAR 2015 19:14
entering extended mode
\write18 enabled.
**LBNL-AMO-MCTDHF.TEX
(./LBNL-AMO-MCTDHF.TEX
LaTeX2e <2003/12/01>
Babel <v3.8d> and hyphenation patterns for american, french, german, ngerman, d
utch, italian, norsk, portuges, spanish, swedish, nohyphenation, loaded.
(/usr/local/teTeX/share/texmf.tetex/tex/latex/base/book.cls
Document Class: book 2004/02/16 v1.4f Standard LaTeX document class
(/usr/local/teTeX/share/texmf.tetex/tex/latex/base/leqno.clo
File: leqno.clo 1998/08/17 v1.1c Standard LaTeX option (left equation numbers)
)
(/usr/local/teTeX/share/texmf.tetex/tex/latex/base/bk10.clo
File: bk10.clo 2004/02/16 v1.4f Standard LaTeX file (size option)
)
\c@part=\count79
\c@chapter=\count80
\c@section=\count81
\c@subsection=\count82
\c@subsubsection=\count83
\c@paragraph=\count84
\c@subparagraph=\count85
\c@figure=\count86
\c@table=\count87
\abovecaptionskip=\skip41
\belowcaptionskip=\skip42
\bibindent=\dimen102
)
(/usr/local/teTeX/share/texmf.tetex/tex/latex/amsmath/amsmath.sty
Package: amsmath 2000/07/18 v2.13 AMS math features
\@mathmargin=\skip43

For additional information on amsmath, use the `?' option.
(/usr/local/teTeX/share/texmf.tetex/tex/latex/amsmath/amstext.sty
Package: amstext 2000/06/29 v2.01

(/usr/local/teTeX/share/texmf.tetex/tex/latex/amsmath/amsgen.sty
File: amsgen.sty 1999/11/30 v2.0
\@emptytoks=\toks14
\ex@=\dimen103
))
(/usr/local/teTeX/share/texmf.tetex/tex/latex/amsmath/amsbsy.sty
Package: amsbsy 1999/11/29 v1.2d
\pmbraise@=\dimen104
)
(/usr/local/teTeX/share/texmf.tetex/tex/latex/amsmath/amsopn.sty
Package: amsopn 1999/12/14 v2.01 operator names
)
\inf@bad=\count88
LaTeX Info: Redefining \frac on input line 211.
\uproot@=\count89
\leftroot@=\count90
LaTeX Info: Redefining \overline on input line 307.
\classnum@=\count91
\DOTSCASE@=\count92
LaTeX Info: Redefining \ldots on input line 379.
LaTeX Info: Redefining \dots on input line 382.
LaTeX Info: Redefining \cdots on input line 467.
\Mathstrutbox@=\box26
\strutbox@=\box27
\big@size=\dimen105
LaTeX Font Info:    Redeclaring font encoding OML on input line 567.
LaTeX Font Info:    Redeclaring font encoding OMS on input line 568.
\macc@depth=\count93
\c@MaxMatrixCols=\count94
\dotsspace@=\muskip10
\c@parentequation=\count95
\dspbrk@lvl=\count96
\tag@help=\toks15
\row@=\count97
\column@=\count98
\maxfields@=\count99
\andhelp@=\toks16
\eqnshift@=\dimen106
\alignsep@=\dimen107
\tagshift@=\dimen108
\tagwidth@=\dimen109
\totwidth@=\dimen110
\lineht@=\dimen111
\@envbody=\toks17
\multlinegap=\skip44
\multlinetaggap=\skip45
\mathdisplay@stack=\toks18
LaTeX Info: Redefining \[ on input line 2666.
LaTeX Info: Redefining \] on input line 2667.
)
(/usr/local/teTeX/share/texmf.tetex/tex/latex/amsfonts/amssymb.sty
Package: amssymb 2002/01/22 v2.2d

(/usr/local/teTeX/share/texmf.tetex/tex/latex/amsfonts/amsfonts.sty
Package: amsfonts 2001/10/25 v2.2f
\symAMSa=\mathgroup4
\symAMSb=\mathgroup5
LaTeX Font Info:    Overwriting math alphabet `\mathfrak' in version `bold'
(Font)                  U/euf/m/n --> U/euf/b/n on input line 132.
))
(/usr/local/teTeX/share/texmf.tetex/tex/latex/graphics/graphics.sty
Package: graphics 2001/07/07 v1.0n Standard LaTeX Graphics (DPC,SPQR)

(/usr/local/teTeX/share/texmf.tetex/tex/latex/graphics/trig.sty
Package: trig 1999/03/16 v1.09 sin cos tan (DPC)
)
(/usr/local/teTeX/share/texmf.tetex/tex/latex/graphics/graphics.cfg
File: graphics.cfg 2005/02/03 v1.3 graphics configuration of teTeX/TeXLive
)
Package graphics Info: Driver file: pdftex.def on input line 80.

(/usr/local/teTeX/share/texmf.tetex/tex/latex/graphics/pdftex.def
File: pdftex.def 2002/06/19 v0.03k graphics/color for pdftex
\Gread@gobject=\count100
))
(/usr/local/teTeX/share/texmf.tetex/tex/latex/graphics/color.sty
Package: color 1999/02/16 v1.0i Standard LaTeX Color (DPC)

(/usr/local/teTeX/share/texmf.tetex/tex/latex/graphics/color.cfg
File: color.cfg 2005/02/03 v1.3 color configuration of teTeX/TeXLive
)
Package color Info: Driver file: pdftex.def on input line 125.
)
(/usr/local/teTeX/share/texmf.tetex/tex/latex/hyperref/hyperref.sty
Package: hyperref 2003/11/30 v6.74m Hypertext links for LaTeX

(/usr/local/teTeX/share/texmf.tetex/tex/latex/graphics/keyval.sty
Package: keyval 1999/03/16 v1.13 key=value parser (DPC)
\KV@toks@=\toks19
)
\@linkdim=\dimen112
\Hy@linkcounter=\count101
\Hy@pagecounter=\count102

(/usr/local/teTeX/share/texmf.tetex/tex/latex/hyperref/pd1enc.def
File: pd1enc.def 2003/11/30 v6.74m Hyperref: PDFDocEncoding definition (HO)
)
(/usr/local/teTeX/share/texmf.tetex/tex/latex/hyperref/hyperref.cfg
File: hyperref.cfg 2002/06/06 v1.2 hyperref configuration of TeXLive and teTeX
)
Package hyperref Info: Hyper figures OFF on input line 1880.
Package hyperref Info: Link nesting OFF on input line 1885.
Package hyperref Info: Hyper index ON on input line 1888.
Package hyperref Info: Plain pages ON on input line 1893.
Package hyperref Info: Backreferencing OFF on input line 1900.

Implicit mode ON; LaTeX internals redefined
Package hyperref Info: Bookmarks ON on input line 2004.
(/usr/local/teTeX/share/texmf.tetex/tex/latex/url/url.sty
\Urlmuskip=\muskip11
Package: url 2004/03/15  ver 3.1  Verb mode for urls, etc.
)
LaTeX Info: Redefining \url on input line 2143.
\Fld@menulength=\count103
\Field@Width=\dimen113
\Fld@charsize=\dimen114
\Choice@toks=\toks20
\Field@toks=\toks21
Package hyperref Info: Hyper figures OFF on input line 2618.
Package hyperref Info: Link nesting OFF on input line 2623.
Package hyperref Info: Hyper index ON on input line 2626.
Package hyperref Info: backreferencing OFF on input line 2633.
Package hyperref Info: Link coloring OFF on input line 2638.
\c@Item=\count104
\c@Hfootnote=\count105
)
*hyperref using default driver hpdftex*
(/usr/local/teTeX/share/texmf.tetex/tex/latex/hyperref/hpdftex.def
File: hpdftex.def 2003/11/30 v6.74m Hyperref driver for pdfTeX

(/usr/local/teTeX/share/texmf.tetex/tex/latex/psnfss/pifont.sty
Package: pifont 2004/09/15 PSNFSS-v9.2 Pi font support (SPQR) 
LaTeX Font Info:    Try loading font information for U+pzd on input line 63.

(/usr/local/teTeX/share/texmf.tetex/tex/latex/psnfss/upzd.fd
File: upzd.fd 2001/06/04 font definitions for U/pzd.
)
LaTeX Font Info:    Try loading font information for U+psy on input line 64.

(/usr/local/teTeX/share/texmf.tetex/tex/latex/psnfss/upsy.fd
File: upsy.fd 2001/06/04 font definitions for U/psy.
))
\Fld@listcount=\count106
\@outlinefile=\write3
)
(/usr/local/teTeX/share/texmf.tetex/tex/latex/multirow/multirow.sty
\bigstrutjot=\dimen115
)
(/usr/local/teTeX/share/texmf.tetex/tex/latex/tools/bm.sty
Package: bm 2004/02/26 v1.1c Bold Symbol Support (DPC/FMi)
\symboldoperators=\mathgroup6
\symboldletters=\mathgroup7
\symboldsymbols=\mathgroup8
LaTeX Font Info:    Redeclaring math alphabet \mathbf on input line 137.
LaTeX Info: Redefining \bm on input line 203.
)
(/usr/local/teTeX/share/texmf.tetex/tex/latex/enumitem/enumitem.sty
Package: enumitem 2004/07/19 v1.0 Customized lists
\labelindent=\skip46
\enit@outerparindent=\dimen116
)
(./LBNL-AMO-MCTDHF.aux (./parinp.aux) (./h2parinp.aux) (./heparinp.aux)
(./sincparinp.aux))
\openout1 = `LBNL-AMO-MCTDHF.aux'.

LaTeX Font Info:    Checking defaults for OML/cmm/m/it on input line 45.
LaTeX Font Info:    ... okay on input line 45.
LaTeX Font Info:    Checking defaults for T1/cmr/m/n on input line 45.
LaTeX Font Info:    ... okay on input line 45.
LaTeX Font Info:    Checking defaults for OT1/cmr/m/n on input line 45.
LaTeX Font Info:    ... okay on input line 45.
LaTeX Font Info:    Checking defaults for OMS/cmsy/m/n on input line 45.
LaTeX Font Info:    ... okay on input line 45.
LaTeX Font Info:    Checking defaults for OMX/cmex/m/n on input line 45.
LaTeX Font Info:    ... okay on input line 45.
LaTeX Font Info:    Checking defaults for U/cmr/m/n on input line 45.
LaTeX Font Info:    ... okay on input line 45.
LaTeX Font Info:    Checking defaults for PD1/pdf/m/n on input line 45.
LaTeX Font Info:    ... okay on input line 45.

(/usr/local/teTeX/share/texmf.tetex/tex/context/base/supp-pdf.tex
(/usr/local/teTeX/share/texmf.tetex/tex/context/base/supp-mis.tex
loading : Context Support Macros / Miscellaneous (2004.10.26)
\protectiondepth=\count107
\scratchcounter=\count108
\scratchtoks=\toks22
\scratchdimen=\dimen117
\scratchskip=\skip47
\scratchmuskip=\muskip12
\scratchbox=\box28
\scratchread=\read1
\scratchwrite=\write4
\zeropoint=\dimen118
\onepoint=\dimen119
\onebasepoint=\dimen120
\minusone=\count109
\thousandpoint=\dimen121
\onerealpoint=\dimen122
\emptytoks=\toks23
\nextbox=\box29
\nextdepth=\dimen123
\everyline=\toks24
\!!counta=\count110
\!!countb=\count111
\recursecounter=\count112
)
loading : Context Support Macros / PDF (2004.03.26)
\nofMPsegments=\count113
\nofMParguments=\count114
\MPscratchCnt=\count115
\MPscratchDim=\dimen124
\MPnumerator=\count116
\everyMPtoPDFconversion=\toks25
)
Package hyperref Info: Link coloring OFF on input line 45.
 (/usr/local/teTeX/share/texmf.tetex/tex/latex/hyperref/nameref.sty
Package: nameref 2003/12/03 v2.21 Cross-referencing by name of section
\c@section@level=\count117
)
LaTeX Info: Redefining \ref on input line 45.
LaTeX Info: Redefining \pageref on input line 45.

(./LBNL-AMO-MCTDHF.out) (./LBNL-AMO-MCTDHF.out)
\openout3 = `LBNL-AMO-MCTDHF.out'.


<MathLanCurves0_1_TimGayPi_10spf-1frame.png, id=243, 578.16pt x 273.02pt>
File: MathLanCurves0_1_TimGayPi_10spf-1frame.png Graphic file (type png)

<use MathLanCurves0_1_TimGayPi_10spf-1frame.png>
LaTeX Font Info:    Try loading font information for U+msa on input line 51.

(/usr/local/teTeX/share/texmf.tetex/tex/latex/amsfonts/umsa.fd
File: umsa.fd 2002/01/19 v2.2g AMS font definitions
)
LaTeX Font Info:    Try loading font information for U+msb on input line 51.

(/usr/local/teTeX/share/texmf.tetex/tex/latex/amsfonts/umsb.fd
File: umsb.fd 2002/01/19 v2.2g AMS font definitions
)
LaTeX Font Info:    Try loading font information for OMS+cmr on input line 51.

(/usr/local/teTeX/share/texmf.tetex/tex/latex/base/omscmr.fd
File: omscmr.fd 1999/05/25 v2.5h Standard LaTeX font definitions
)
LaTeX Font Info:    Font shape `OMS/cmr/m/it' in size <9> not available
(Font)              Font shape `OMS/cmsy/m/n' tried instead on input line 51.
LaTeX Font Info:    Font shape `OMS/cmr/m/n' in size <9> not available
(Font)              Font shape `OMS/cmsy/m/n' tried instead on input line 51.
 [1


{/usr/local/teTeX/share/texmf.local/fonts/map/pdftex/updmap/pdftex.map} <./Math
LanCurves0_1_TimGayPi_10spf-1frame.png (PNG copy)>]
LaTeX Font Info:    Font shape `OMS/cmr/m/n' in size <10> not available
(Font)              Font shape `OMS/cmsy/m/n' tried instead on input line 63.

! pdfTeX warning (ext4): destination with the same identifier (name{page.1}) ha
s been already used, duplicate ignored
<to be read again> 
                   \penalty 
l.161 \tableofcontents
                       [1] (./LBNL-AMO-MCTDHF.toc [2

])
\tf@toc=\write5
\openout5 = `LBNL-AMO-MCTDHF.toc'.

 [3] [4

]
Overfull \hbox (25.01282pt too wide) in paragraph at lines 227--227
[]\OT1/cmtt/m/n/8 prompt> ln -s ~/myprogs/LBNL-AMO-MCTDHF/V1.0.INTELFFT/COMPDIR
S/BIN.ecs.hermnorm/chmctdhf_diatom ./chmctdhf_diatom[] 
 []


Underfull \hbox (badness 10000) in paragraph at lines 241--245

 []


LaTeX Warning: Reference `blah' on page 5 undefined on input line 257.


LaTeX Warning: Reference `booga' on page 5 undefined on input line 259.

[5]
Overfull \hbox (36.21887pt too wide) in paragraph at lines 331--336
\OT1/cmr/m/n/10 li-ably. Note the mes-sage ``Vec-tors con-verged on read'' when
 per-form-ing re-lax-ation and []\OT1/cmtt/m/n/10 sparseconfigflag\OT1/cmr/m/n/
10 =1
 []

[6] [7]
Overfull \hbox (7.51224pt too wide) in paragraph at lines 437--437
 []                       \OT1/cmtt/m/n/8 Spfs           Prop            Act   
       Final             MPI        Non MPI[] 
 []


Overfull \hbox (3.26218pt too wide) in paragraph at lines 437--437
 []        \OT1/cmtt/m/n/8 0.000             0            508              0   
           2             16           6381[] 
 []


Overfull \hbox (3.26218pt too wide) in paragraph at lines 437--437
 []        \OT1/cmtt/m/n/8 0.050             0            857              0   
           5             23           6726[] 
 []


Overfull \hbox (3.26218pt too wide) in paragraph at lines 437--437
 []        \OT1/cmtt/m/n/8 2.150             0          10362              0   
         121            232          16139[] 
 []


Overfull \hbox (3.26218pt too wide) in paragraph at lines 437--437
 []        \OT1/cmtt/m/n/8 2.200             0          10539              0   
         124            242          16310[] 
 []


Overfull \hbox (7.51224pt too wide) in paragraph at lines 452--452
 []           \OT1/cmtt/m/n/8 Time      matel     denmat    reduced    spfprop 
     aprop    advance  constrain    #DERIVS[] 
 []


Overfull \hbox (7.51224pt too wide) in paragraph at lines 452--452
 [] \OT1/cmtt/m/n/8 T=       0.100         40          2          0        146 
       640          3          0         81[] 
 []


Overfull \hbox (7.51224pt too wide) in paragraph at lines 452--452
 [] \OT1/cmtt/m/n/8 T=       0.150         61          4          0        229 
       865          5          0         80[] 
 []


Overfull \hbox (7.51224pt too wide) in paragraph at lines 452--452
 [] \OT1/cmtt/m/n/8 T=       0.200         81          5          0        282 
      1090          7          0         48[] 
 []


Overfull \hbox (7.51224pt too wide) in paragraph at lines 452--452
 [] \OT1/cmtt/m/n/8 T=       0.250        103          6          0        360 
      1315          9          0         58[] 
 []


Overfull \hbox (7.51224pt too wide) in paragraph at lines 452--452
 [] \OT1/cmtt/m/n/8 T=       0.300        124          8          0        424 
      1539         10          0         58[] 
 []


Overfull \hbox (7.51224pt too wide) in paragraph at lines 452--452
 [] \OT1/cmtt/m/n/8 T=       0.350        145          9          0        521 
      1763         12          0        104[] 
 []


Overfull \hbox (7.51224pt too wide) in paragraph at lines 452--452
 [] \OT1/cmtt/m/n/8 T=       0.400        166         10          0        592 
      1988         14          0         63[] 
 []


Overfull \hbox (7.51224pt too wide) in paragraph at lines 452--452
 [] \OT1/cmtt/m/n/8 T=       0.450        186         12          0        664 
      2213         16          0         63[] 
 []

[8]
Overfull \hbox (5.03209pt too wide) in paragraph at lines 462--468
\OT1/cmr/m/n/10 and so to see the break-down of col-umn []\OT1/cmtt/m/n/10 spfp
rop \OT1/cmr/m/n/10 in []\OT1/cmtt/m/n/10 cmf.prop.time.dat\OT1/cmr/m/n/10 , go
 to []\OT1/cmtt/m/n/10 jacoperate.time.dat\OT1/cmr/m/n/10 ,
 []


Overfull \hbox (11.7623pt too wide) in paragraph at lines 474--474
 []                  \OT1/cmtt/m/n/8 rmult       ke      pot     pulse     nuc 
    twoe  invdenma project  constrai     MPI[] 
 []


Overfull \hbox (16.01236pt too wide) in paragraph at lines 474--474
 []\OT1/cmtt/m/n/8 T=       0.4500      169      881       88      106        0
      318       18        4        0       55[] 
 []


Overfull \hbox (16.01236pt too wide) in paragraph at lines 474--474
 []\OT1/cmtt/m/n/8 T=       0.1500      333     1688      177      212        0
      632       35        8        0      110[] 
 []


Overfull \hbox (16.01236pt too wide) in paragraph at lines 474--474
 []\OT1/cmtt/m/n/8 T=       0.3500      496     2496      266      318        0
      947       52       12        0      165[] 
 []


Overfull \hbox (16.01236pt too wide) in paragraph at lines 474--474
 []\OT1/cmtt/m/n/8 T=       0.6500      659     3303      355      424        0
     1261       69       16        0      219[] 
 []

[9] [10] [11
! pdfTeX warning (ext4): destination with the same identifier (name{equation.1}
) has been already used, duplicate ignored
<to be read again> 
                   \endgroup \set@typeset@protect 
l.587 \chapter
              {Installation\label{installchapter}}]
Chapter 1.
[12

]
Overfull \hbox (25.01282pt too wide) in paragraph at lines 678--678
[]\OT1/cmtt/m/n/8 prompt> ln -s ~/myprogs/LBNL-AMO-MCTDHF/V1.0.INTELFFT/COMPDIR
S/BIN.ecs.hermnorm/chmctdhf_diatom ./chmctdhf_diatom[] 
 []


Overfull \hbox (64.54736pt too wide) in paragraph at lines 686--687
[][]\OT1/cmtt/m/n/10 cmctdhf \OT1/cmr/m/n/10 : COM-PLEX VAL-UED, ECS, C-NORM: F
OR RES-O-NANCE RE-LAX-ATION (e.g. []\OT1/cmtt/m/n/10 BIN.ecs.cnorm.mac\OT1/cmr/
m/n/10 ) 
 []

[13]
Chapter 2.
[14

]
Overfull \hbox (35.25069pt too wide) in paragraph at lines 805--808
[]\OT1/cmr/m/n/10 There are two meth-ods for re-stricted con-fig-u-ra-tion spac
es (see the pa-per). Den-sity ma-trix ([]\OT1/cmtt/m/n/10 constraintflag=1\OT1/
cmr/m/n/10 )
 []


Overfull \hbox (16.30014pt too wide) in paragraph at lines 805--808
\OT1/cmr/m/n/10 and dirac-frenkel ([]\OT1/cmtt/m/n/10 constraintflag=2\OT1/cmr/
m/n/10 ). A re-stricted con-fig-u-ra-tion space can be used with []\OT1/cmtt/m/
n/10 constraintflag=0\OT1/cmr/m/n/10 ,
 []

[15]
Overfull \hbox (5.42168pt too wide) in paragraph at lines 870--882
\OT1/cmr/m/n/10 den-sity ma-trix con-straint ([]\OT1/cmtt/m/n/10 constraintflag
=1\OT1/cmr/m/n/10 ), per-form a re-lax-ation cal-cu-la-tion with []\OT1/cmtt/m/
n/10 improvednatflag=1\OT1/cmr/m/n/10 ,
 []

[16] [17] [18] [19]
Overfull \hbox (51.83812pt too wide) in paragraph at lines 1102--1107
\OT1/cmr/m/n/10 Set []\OT1/cmtt/m/n/10 sparseconfigflag=0 \OT1/cmr/m/n/10 to us
e non-sparse con-fig-u-ra-tion rou-tines; oth-er-wise sparse is de-fault. If []
\OT1/cmtt/m/n/10 sparseconfigflag=0
 []


Overfull \hbox (64.39235pt too wide) in paragraph at lines 1138--1144
\OT1/cmr/m/n/10 Below we pro-vide ver-ba-tim copies of the files []\OT1/cmtt/m/
n/10 parameters.f90\OT1/cmr/m/n/10 , []\OT1/cmtt/m/n/10 H2PROJECT/H2_params.f90
\OT1/cmr/m/n/10 , []\OT1/cmtt/m/n/10 HEPROJECT/He_params.f90\OT1/cmr/m/n/10 ,
 []


Overfull \hbox (24.28136pt too wide) in paragraph at lines 1138--1144
\OT1/cmr/m/n/10 namelists []\OT1/cmtt/m/n/10 &h2parinp\OT1/cmr/m/n/10 , []\OT1/
cmtt/m/n/10 &heparinp\OT1/cmr/m/n/10 , and []\OT1/cmtt/m/n/10 &sincparinp\OT1/c
mr/m/n/10 , which are re-quired for []\OT1/cmtt/m/n/10 chmctdhf_diatom\OT1/cmr/
m/n/10 , []\OT1/cmtt/m/n/10 chmctdhf_atom\OT1/cmr/m/n/10 ,
 []

[20]
\openout2 = `parinp.aux'.

 (./parinp.tex
Overfull \hbox (3.76251pt too wide) in paragraph at lines 33--33
[]\OT1/cmtt/m/n/8 integer :: parorbsplit=1                         !!  Parallel
ize orbital calculation.  Might speed up, might[] 
 []


Overfull \hbox (25.01282pt too wide) in paragraph at lines 33--33
[]\OT1/cmtt/m/n/8 !! **********************************************************
************************************************* !![] 
 []


Overfull \hbox (25.01282pt too wide) in paragraph at lines 33--33
[]\OT1/cmtt/m/n/8 !! **********************************************************
************************************************* !![] 
 []


Overfull \hbox (25.01282pt too wide) in paragraph at lines 43--43
[]\OT1/cmtt/m/n/8 integer :: sparseconfigflag=0    !! Sparse       !! Sparse co
nfiguration routines on or off (for large # configs)[] 
 []


Overfull \hbox (46.26312pt too wide) in paragraph at lines 43--43
[]\OT1/cmtt/m/n/8 integer :: orbcompact=0          !!              !! Compact o
rbitals for expo prop with spfrestrictflag?  Probably ok.[] 
 []


Overfull \hbox (25.01282pt too wide) in paragraph at lines 68--68
[]\OT1/cmtt/m/n/8 integer :: mrestrictmax= 99999   !!              !! If doing 
state averaged MCSCF, can include a range of m vals;[] 
 []


Overfull \hbox (33.51294pt too wide) in paragraph at lines 68--68
[]\OT1/cmtt/m/n/8 integer :: mrestrictmin=-99999   !!              !!    set th
ese variables, with mrestrictflag=0, spfrestrictflag=1[] 
 []


Overfull \hbox (3.76251pt too wide) in paragraph at lines 68--68
[]\OT1/cmtt/m/n/8 integer :: restrictms=0          !!              !! For restr
ictflag=1: 2*m_s: 2x total m_s (multiplicity of[] 
 []


Overfull \hbox (33.51294pt too wide) in paragraph at lines 68--68
[]\OT1/cmtt/m/n/8 integer :: spinrestrictval=0     !!              !! For allsp
inproject=1: determines spin. Default high spin S=M_s.[] 
 []


Overfull \hbox (42.01306pt too wide) in paragraph at lines 68--68
[]                                                 \OT1/cmtt/m/n/8 !!  To overr
ide use this variable. Equals 2S if S^2 eigval is S(S+1)[] 
 []

[21

]
Overfull \hbox (12.26263pt too wide) in paragraph at lines 81--81
[]\OT1/cmtt/m/n/8 integer :: numshells=1           !!              !! number of
 shells.  greater than one: possibly not full CI.[] 
 []


Overfull \hbox (16.5127pt too wide) in paragraph at lines 81--81
[]\OT1/cmtt/m/n/8 !!integer :: shelltop(100)=-1    !! Numfrozen=   !! shelltop 
is namelist input in parinp; the internal variable[] 
 []


Overfull \hbox (8.01257pt too wide) in paragraph at lines 81--81
[]                                                 \OT1/cmtt/m/n/8 !!    is all
shelltop.   shelltop(1) only may be assigned via[] 
 []


Overfull \hbox (25.01282pt too wide) in paragraph at lines 81--81
[]\OT1/cmtt/m/n/8 integer :: vexcite=99            !!              !! excitatio
ns INTO last shell. Use to restrict to doubles, etc.[] 
 []


Overfull \hbox (8.01257pt too wide) in paragraph at lines 112--112
[]\OT1/cmtt/m/n/8 character (len=200) :: &         !!              !! A-vector 
binary file to read.  Can have different configs[] 
 []


Overfull \hbox (3.76251pt too wide) in paragraph at lines 112--112
[]\OT1/cmtt/m/n/8 character (len=200) :: &         !!              !! Spf file 
to read.  Can have fewer m vals, smaller radial[] 
 []


Overfull \hbox (12.26263pt too wide) in paragraph at lines 112--112
[]\OT1/cmtt/m/n/8 integer :: numholes=0                            !! Load a-ve
ctor with this many more electrons and annihilate[] 
 []


Overfull \hbox (8.01257pt too wide) in paragraph at lines 112--112
[]\OT1/cmtt/m/n/8 integer :: numholecombo=1                        !! Number of
 (products of) annihilation operators to combine[] 
 []


Overfull \hbox (16.5127pt too wide) in paragraph at lines 112--112
[]\OT1/cmtt/m/n/8 integer :: numloadfrozen=0                       !! For loadi
ng a vector with orbitals to be frozen (dangerous)[] 
 []


Overfull \hbox (3.76251pt too wide) in paragraph at lines 112--112
[]                                                 \OT1/cmtt/m/n/8 !!   numhole
combo, number of such products to combine; then[] 
 []


Overfull \hbox (33.51294pt too wide) in paragraph at lines 112--112
[]\OT1/cmtt/m/n/8 integer,allocatable:: myavectorexcitefrom(:,:,:) !! Similar t
o avectorhole.  Namelist input avectorexcitefrom, etc.[] 
 []


Overfull \hbox (16.5127pt too wide) in paragraph at lines 131--131
[]\OT1/cmtt/m/n/8 integer :: improvedquadflag=0    !!              !! Use newto
n iteration not diagonalization for improvedrelax.[] 
 []


Overfull \hbox (8.01257pt too wide) in paragraph at lines 131--131
[]                                                 \OT1/cmtt/m/n/8 !!     (1 = 
A-vector newton [old option 2], others disabled)[] 
 []


Overfull \hbox (3.76251pt too wide) in paragraph at lines 131--131
[]\OT1/cmtt/m/n/8 real*8 :: stopthresh=1d-5        !!              !! Spf error
 tolerance for relaxation convergence (PRIMARY)[] 
 []


Overfull \hbox (20.76276pt too wide) in paragraph at lines 131--131
[]\OT1/cmtt/m/n/8 real*8 :: astoptol=1d-7                          !! Avector e
rror tolerance for relax  (BACKUP - WAS STOPTHRESH)[] 
 []

[22]
Overfull \hbox (16.5127pt too wide) in paragraph at lines 149--149
[]                                                 \OT1/cmtt/m/n/8 !!  SEE MANU
AL FOR PROPER USE OF dfrestrictflag/shell options.[] 
 []

[23]
Overfull \hbox (3.76251pt too wide) in paragraph at lines 204--204
[]\OT1/cmtt/m/n/8 real*8 :: minpulsetime=0.d0      !!              !!  By defau
lt calc stops after pulse (overrides finaltime,[] 
 []

[24]
Overfull \hbox (20.76276pt too wide) in paragraph at lines 308--308
[]\OT1/cmtt/m/n/8 integer :: sparseopt =1                          !! 0= direct
 CI  1= sparse matrix algebra (faster, more memory)[] 
 []


Overfull \hbox (3.76251pt too wide) in paragraph at lines 308--308
[]\OT1/cmtt/m/n/8 integer :: nosparseforce=0       !!              !! to overri
de exit with large number of configs, no sparse[] 
 []


Overfull \hbox (16.5127pt too wide) in paragraph at lines 308--308
[]\OT1/cmtt/m/n/8 integer :: maxaorder=1000        !!              !!   lanczos
 order for sparse a-vector prop and improvedquad=2[] 
 []


Overfull \hbox (33.51294pt too wide) in paragraph at lines 308--308
[]\OT1/cmtt/m/n/8 integer :: lancheckstep=20       !!              !! lanczos e
igen routine checks for convergence every this # steps[] 
 []


Overfull \hbox (16.5127pt too wide) in paragraph at lines 308--308
[]\OT1/cmtt/m/n/8 real*8 :: aerror=1d-9            !!              !! lanczos e
rror criterion for sparse a-vector CMF propagation[] 
 []


Overfull \hbox (20.76276pt too wide) in paragraph at lines 347--347
[]\OT1/cmtt/m/n/8 integer :: drivingflag=0                         !!  Solve fo
r the change in the wave function not wave function[] 
 []


Overfull \hbox (8.01257pt too wide) in paragraph at lines 347--347
[]\OT1/cmtt/m/n/8 integer :: noftflag=0            !!              !! turns off
 f.t. for flux. use for e.g. core hole propag'n.[] 
 []

[25]) [26]
\openout2 = `h2parinp.aux'.

 (./h2parinp.tex
Overfull \hbox (12.26263pt too wide) in paragraph at lines 62--62
[]\OT1/cmtt/m/n/8 integer :: reducedflag=0         !!              !! Use reduc
ed e^- masses?  Default 1 (yes) with bornopflag=0[] 
 []


Overfull \hbox (12.26263pt too wide) in paragraph at lines 62--62
[]\OT1/cmtt/m/n/8 real*8 :: pro_Hmass=1836.152701d0!!              !! Masses of
 nuclei: pro_Hmass is the mass of nucleus one and[] 
 []


Overfull \hbox (12.26263pt too wide) in paragraph at lines 62--62
[]\OT1/cmtt/m/n/8 integer :: hlocs(3,100)=1        !!              !! dimension
 (3, numhatoms): first 2 indices xi,eta gridpoint[] 
 []


Overfull \hbox (12.26263pt too wide) in paragraph at lines 62--62
[]                                 \OT1/cmtt/m/n/8 !!              !! then -1 o
r 1 for left or right -- all h's in plane for now[] 
 []

) [27


]
\openout2 = `heparinp.aux'.

 (./heparinp.tex) [28


]
\openout2 = `sincparinp.aux'.

 (./sincparinp.tex) [29


]
Chapter 3.

Underfull \hbox (badness 10000) in paragraph at lines 1162--1163

 []

[30


]
Overfull \hbox (103.33429pt too wide) in paragraph at lines 1255--1269
[][]
 []


Underfull \hbox (badness 10000) in paragraph at lines 1255--1269

 []

[31] [32]
Chapter 4.

Underfull \hbox (badness 10000) in paragraph at lines 1323--1329

 []

[33

]
Overfull \hbox (29.33923pt too wide) in paragraph at lines 1354--1356
[]\OT1/cmr/m/n/10 One can ro-tate the or-bitals to be nat-u-ral or-bitals dur-i
ng a re-lax-ation cal-cu-la-tion us-ing []\OT1/cmtt/m/n/10 improvednatflag=1\OT
1/cmr/m/n/10 .
 []


Underfull \hbox (badness 10000) in paragraph at lines 1372--1387

 []

[34]
Underfull \hbox (badness 10000) in paragraph at lines 1409--1411

 []


Underfull \hbox (badness 10000) in paragraph at lines 1412--1420

 []

[35]
Overfull \hbox (13.28476pt too wide) in paragraph at lines 1462--1487
[][] 
 []

[36]
Chapter 5.

Overfull \hbox (7.81152pt too wide) in paragraph at lines 1584--1585
\OT1/cmr/m/n/10 Fourier trans-forms of au-to-cor-re-la-tion func-tions are cal-
cu-lated by us-ing []\OT1/cmtt/m/n/10 &parinp \OT1/cmr/m/n/10 namelist vari-abl
es []\OT1/cmtt/m/n/10 corrflag
 []

[37

] [38] [39]
Overfull \hbox (27.81544pt too wide) in paragraph at lines 1765--1766
[]\OT1/cmr/m/n/10 The cross sec-tion is in col-umn 3 and the pho-ton en-ergy in
 Hartree is in col-umn 1 in the file []\OT1/cmtt/m/n/10 Dat/xsec.spi.dat\OT1/cm
r/m/n/10 . 
 []

[40]
Underfull \hbox (badness 10000) in paragraph at lines 1808--1811

 []

[41]
Chapter 6.
LaTeX Font Info:    Font shape `OMS/cmr/m/n' in size <14.4> not available
(Font)              Font shape `OMS/cmsy/m/n' tried instead on input line 1847.

LaTeX Font Info:    Font shape `OMS/cmr/m/n' in size <24.88> not available
(Font)              Font shape `OMS/cmsy/m/n' tried instead on input line 1849.

[42

] <natplot.png, id=572, 579.1236pt x 396.0396pt>
File: natplot.png Graphic file (type png)
 <use natplot.png>
<Spfs_10_T0101_prop1_range2.png, id=573, 240.9pt x 240.9pt>
File: Spfs_10_T0101_prop1_range2.png Graphic file (type png)

<use Spfs_10_T0101_prop1_range2.png>
<Spfs_10_T0201_prop1_range1.png, id=574, 240.9pt x 240.9pt>
File: Spfs_10_T0201_prop1_range1.png Graphic file (type png)

<use Spfs_10_T0201_prop1_range1.png>
<Spfs_10_T0201_prop1_range2.png, id=575, 240.9pt x 240.9pt>
File: Spfs_10_T0201_prop1_range2.png Graphic file (type png)

<use Spfs_10_T0201_prop1_range2.png> [43 <./natplot.png (PNG copy)>] [44 <./Spf
s_10_T0101_prop1_range2.png (PNG copy)> <./Spfs_10_T0201_prop1_range1.png (PNG 
copy)> <./Spfs_10_T0201_prop1_range2.png (PNG copy)>] [45]
Chapter 7.
[46

]
Overfull \hbox (29.26288pt too wide) in paragraph at lines 2075--2075
[] \OT1/cmtt/m/n/8 mpirun -n 1 chmctdhf_diatom.seq Inp=Input.Inp.Cation.$ext.${
sym}_${ger} |tee Outs/Out.cation.$ext.${sym}_${ger} &[] 
 []

[47]

Package hyperref Warning: Token not allowed in a PDFDocEncoded string,
(hyperref)                removing `math shift' on input line 2136.


Package hyperref Warning: Token not allowed in a PDFDocEncoded string,
(hyperref)                removing `subscript' on input line 2136.


Package hyperref Warning: Token not allowed in a PDFDocEncoded string,
(hyperref)                removing `math shift' on input line 2136.

[48]
Chapter 8.

Overfull \hbox (48.6155pt too wide) in paragraph at lines 2176--2178
[]\OT1/cmr/m/n/10 The []\OT1/cmtt/m/n/10 *BIN* \OT1/cmr/m/n/10 com-pi-la-tion d
i-rec-to-ries are iden-ti-cal ex-cept for []\OT1/cmtt/m/n/10 Name.txt\OT1/cmr/m
/n/10 , []\OT1/cmtt/m/n/10 Makefile.header\OT1/cmr/m/n/10 , and []\OT1/cmtt/m/n
/10 Definitions.INC\OT1/cmr/m/n/10 . 
 []

[49

] [50]
Overfull \hbox (42.01306pt too wide) in paragraph at lines 2335--2335
[]\OT1/cmtt/m/n/8 -rw-------  derivs.f90                      x Orbital propaga
tion subroutines - working equation, call of expo_driver[] 
 []


Overfull \hbox (37.763pt too wide) in paragraph at lines 2335--2335
[]\OT1/cmtt/m/n/8 -rw-------  denmat.f90                      x 1-e reduced den
mat and miscellaneous (denmat constraint for restricted[] 
 []


Overfull \hbox (59.0133pt too wide) in paragraph at lines 2335--2335
[]\OT1/cmtt/m/n/8 -rw-r--r--  newconfig.f90                   x Configuration s
ubroutines (get configuration list, get configuration index)[] 
 []


Overfull \hbox (67.51343pt too wide) in paragraph at lines 2335--2335
[]\OT1/cmtt/m/n/8 -rw-------  dfconstrain.f90                 x Restricted conf
iguration list - computation of g and tau, orbital derivatives[] 
 []


Overfull \hbox (25.01282pt too wide) in paragraph at lines 2335--2335
[]\OT1/cmtt/m/n/8 -rw-------  expokit.f                       x Exponential pro
pagator for orbitals, also psi-prime & miscellaneous[] 
 []


Overfull \hbox (33.51294pt too wide) in paragraph at lines 2335--2335
[]                                                   \OT1/cmtt/m/n/8 Roger B. S
idje U Queensland         modified in key places by me[] 
 []

[51]
Overfull \hbox (60.42593pt too wide) in paragraph at lines 2348--2351
[]\OT1/cmr/m/n/10 To add a new project di-rec-tory, put the source code in a su
b-di-rec-tory of []\OT1/cmtt/m/n/10 MCTDH.SRC\OT1/cmr/m/n/10 , per-haps []\OT1/
cmtt/m/n/10 MCTDH.SRC/NEWPROJECT\OT1/cmr/m/n/10 ;
 []


Overfull \hbox (44.50706pt too wide) in paragraph at lines 2352--2355
[]\OT1/cmr/m/n/10 That should set up []\OT1/cmtt/m/n/10 BIN/NEWPROJECT\OT1/cmr/
m/n/10 ; then you can re-cur-sively copy []\OT1/cmtt/m/n/10 BIN.NEWPROJECT \OT1
/cmr/m/n/10 to []\OT1/cmtt/m/n/10 BIN.ecs.hernorm.debug
 []


Overfull \hbox (6.75189pt too wide) in paragraph at lines 2375--2375
[]        \OT1/cmtt/m/n/10 $(F90) $(LOADFLAGS) -o $(NAME)_newproject  $(openmp)
 $(DFFTPACK) $(SRCS) mctdhf\[] 
 []

[52]
Underfull \hbox (badness 10000) in paragraph at lines 2392--2393

 []


Overfull \hbox (13.85857pt too wide) in paragraph at lines 2402--2403
[]\OT1/cmr/m/n/10 The wave func-tion (or-bital co-ef-fi-cients and A-vector) at
 the present time step. yyy%cmfpsivec(:,1)
 []


Overfull \hbox (21.5787pt too wide) in paragraph at lines 2407--2410
\OT1/cmr/m/n/10 start. Thus, to pass a sub-rou-tine the cur-rent spfs, use []\O
T1/cmtt/m/n/10 call mysub(yyy%cmfpsivec(spfstart,0))\OT1/cmr/m/n/10 . 
 []

[53] (./LBNL-AMO-MCTDHF.aux (./parinp.aux) (./h2parinp.aux) (./heparinp.aux)
(./sincparinp.aux))

LaTeX Warning: There were undefined references.

 ) 
Here is how much of TeX's memory you used:
 3963 strings out of 95137
 52334 string characters out of 1183014
 2099369 words of memory out of 4554204
 6876 multiletter control sequences out of 10000+50000
 23162 words of font info for 85 fonts, out of 2000000 for 2000
 58 hyphenation exceptions out of 5000
 27i,14n,39p,812b,407s stack positions out of 5000i,500n,6000p,200000b,40000s
PDF statistics:
 625 PDF objects out of 300000
 120 named destinations out of 131072
 514 words of extra memory for PDF output out of 10000
</usr/local/teTeX/share/texmf.tetex/fonts/type1/bluesky/cm/cmsy6.pfb></usr/lo
cal/teTeX/share/texmf.tetex/fonts/type1/bluesky/cm/cmr8.pfb></usr/local/teTeX/s
hare/texmf.tetex/fonts/type1/bluesky/cm/cmr5.pfb></usr/local/teTeX/share/texmf.
tetex/fonts/type1/bluesky/cm/cmtt9.pfb></usr/local/teTeX/share/texmf.tetex/font
s/type1/bluesky/cm/cmex10.pfb></usr/local/teTeX/share/texmf.tetex/fonts/type1/b
luesky/cm/cmmi7.pfb></usr/local/teTeX/share/texmf.tetex/fonts/type1/bluesky/cm/
cmmib10.pfb></usr/local/teTeX/share/texmf.tetex/fonts/type1/bluesky/cm/cmsy7.pf
b></usr/local/teTeX/share/texmf.tetex/fonts/type1/bluesky/cm/cmmi10.pfb></usr/l
ocal/teTeX/share/texmf.tetex/fonts/type1/bluesky/cm/cmtt8.pfb></usr/local/teTeX
/share/texmf.tetex/fonts/type1/bluesky/cm/cmr7.pfb></usr/local/teTeX/share/texm
f.tetex/fonts/type1/bluesky/cm/cmsl10.pfb></usr/local/teTeX/share/texmf.tetex/f
onts/type1/bluesky/cm/cmbx12.pfb></usr/local/teTeX/share/texmf.tetex/fonts/type
1/bluesky/cm/cmcsc10.pfb></usr/local/teTeX/share/texmf.tetex/fonts/type1/bluesk
y/cm/cmbx10.pfb></usr/local/teTeX/share/texmf.tetex/fonts/type1/bluesky/cm/cmti
10.pfb></usr/local/teTeX/share/texmf.tetex/fonts/type1/bluesky/cm/cmtt10.pfb></
usr/local/teTeX/share/texmf.tetex/fonts/type1/bluesky/cm/cmsy10.pfb></usr/local
/teTeX/share/texmf.tetex/fonts/type1/bluesky/cm/cmr10.pfb></usr/local/teTeX/sha
re/texmf.tetex/fonts/type1/bluesky/cm/cmti9.pfb></usr/local/teTeX/share/texmf.t
etex/fonts/type1/bluesky/cm/cmsy9.pfb></usr/local/teTeX/share/texmf.tetex/fonts
/type1/bluesky/cm/cmr9.pfb></usr/local/teTeX/share/texmf.tetex/fonts/type1/blue
sky/cm/cmr12.pfb></usr/local/teTeX/share/texmf.tetex/fonts/type1/bluesky/cm/cmr
17.pfb>
Output written on LBNL-AMO-MCTDHF.pdf (54 pages, 794836 bytes).
