This is pdfeTeX, Version 3.141592-1.30.4-2.2 (Web2C 7.5.5) (format=pdflatex 2006.8.2)  26 DEC 2014 12:53
entering extended mode
\write18 enabled.
**MANUAL.TEX
(./MANUAL.TEX
LaTeX2e <2003/12/01>
Babel <v3.8d> and hyphenation patterns for american, french, german, ngerman, d
utch, italian, norsk, portuges, spanish, swedish, nohyphenation, loaded.
(/usr/local/teTeX/share/texmf.tetex/tex/latex/base/book.cls
Document Class: book 2004/02/16 v1.4f Standard LaTeX document class
(/usr/local/teTeX/share/texmf.tetex/tex/latex/base/leqno.clo
File: leqno.clo 1998/08/17 v1.1c Standard LaTeX option (left equation numbers)
)
(/usr/local/teTeX/share/texmf.tetex/tex/latex/base/bk10.clo
File: bk10.clo 2004/02/16 v1.4f Standard LaTeX file (size option)
)
\c@part=\count79
\c@chapter=\count80
\c@section=\count81
\c@subsection=\count82
\c@subsubsection=\count83
\c@paragraph=\count84
\c@subparagraph=\count85
\c@figure=\count86
\c@table=\count87
\abovecaptionskip=\skip41
\belowcaptionskip=\skip42
\bibindent=\dimen102
)
(/usr/local/teTeX/share/texmf.tetex/tex/latex/amsmath/amsmath.sty
Package: amsmath 2000/07/18 v2.13 AMS math features
\@mathmargin=\skip43

For additional information on amsmath, use the `?' option.
(/usr/local/teTeX/share/texmf.tetex/tex/latex/amsmath/amstext.sty
Package: amstext 2000/06/29 v2.01

(/usr/local/teTeX/share/texmf.tetex/tex/latex/amsmath/amsgen.sty
File: amsgen.sty 1999/11/30 v2.0
\@emptytoks=\toks14
\ex@=\dimen103
))
(/usr/local/teTeX/share/texmf.tetex/tex/latex/amsmath/amsbsy.sty
Package: amsbsy 1999/11/29 v1.2d
\pmbraise@=\dimen104
)
(/usr/local/teTeX/share/texmf.tetex/tex/latex/amsmath/amsopn.sty
Package: amsopn 1999/12/14 v2.01 operator names
)
\inf@bad=\count88
LaTeX Info: Redefining \frac on input line 211.
\uproot@=\count89
\leftroot@=\count90
LaTeX Info: Redefining \overline on input line 307.
\classnum@=\count91
\DOTSCASE@=\count92
LaTeX Info: Redefining \ldots on input line 379.
LaTeX Info: Redefining \dots on input line 382.
LaTeX Info: Redefining \cdots on input line 467.
\Mathstrutbox@=\box26
\strutbox@=\box27
\big@size=\dimen105
LaTeX Font Info:    Redeclaring font encoding OML on input line 567.
LaTeX Font Info:    Redeclaring font encoding OMS on input line 568.
\macc@depth=\count93
\c@MaxMatrixCols=\count94
\dotsspace@=\muskip10
\c@parentequation=\count95
\dspbrk@lvl=\count96
\tag@help=\toks15
\row@=\count97
\column@=\count98
\maxfields@=\count99
\andhelp@=\toks16
\eqnshift@=\dimen106
\alignsep@=\dimen107
\tagshift@=\dimen108
\tagwidth@=\dimen109
\totwidth@=\dimen110
\lineht@=\dimen111
\@envbody=\toks17
\multlinegap=\skip44
\multlinetaggap=\skip45
\mathdisplay@stack=\toks18
LaTeX Info: Redefining \[ on input line 2666.
LaTeX Info: Redefining \] on input line 2667.
)
(/usr/local/teTeX/share/texmf.tetex/tex/latex/amsfonts/amssymb.sty
Package: amssymb 2002/01/22 v2.2d

(/usr/local/teTeX/share/texmf.tetex/tex/latex/amsfonts/amsfonts.sty
Package: amsfonts 2001/10/25 v2.2f
\symAMSa=\mathgroup4
\symAMSb=\mathgroup5
LaTeX Font Info:    Overwriting math alphabet `\mathfrak' in version `bold'
(Font)                  U/euf/m/n --> U/euf/b/n on input line 132.
))
(/usr/local/teTeX/share/texmf.tetex/tex/latex/graphics/graphics.sty
Package: graphics 2001/07/07 v1.0n Standard LaTeX Graphics (DPC,SPQR)

(/usr/local/teTeX/share/texmf.tetex/tex/latex/graphics/trig.sty
Package: trig 1999/03/16 v1.09 sin cos tan (DPC)
)
(/usr/local/teTeX/share/texmf.tetex/tex/latex/graphics/graphics.cfg
File: graphics.cfg 2005/02/03 v1.3 graphics configuration of teTeX/TeXLive
)
Package graphics Info: Driver file: pdftex.def on input line 80.

(/usr/local/teTeX/share/texmf.tetex/tex/latex/graphics/pdftex.def
File: pdftex.def 2002/06/19 v0.03k graphics/color for pdftex
\Gread@gobject=\count100
))
(/usr/local/teTeX/share/texmf.tetex/tex/latex/graphics/color.sty
Package: color 1999/02/16 v1.0i Standard LaTeX Color (DPC)

(/usr/local/teTeX/share/texmf.tetex/tex/latex/graphics/color.cfg
File: color.cfg 2005/02/03 v1.3 color configuration of teTeX/TeXLive
)
Package color Info: Driver file: pdftex.def on input line 125.
)
(/usr/local/teTeX/share/texmf.tetex/tex/latex/hyperref/hyperref.sty
Package: hyperref 2003/11/30 v6.74m Hypertext links for LaTeX

(/usr/local/teTeX/share/texmf.tetex/tex/latex/graphics/keyval.sty
Package: keyval 1999/03/16 v1.13 key=value parser (DPC)
\KV@toks@=\toks19
)
\@linkdim=\dimen112
\Hy@linkcounter=\count101
\Hy@pagecounter=\count102

(/usr/local/teTeX/share/texmf.tetex/tex/latex/hyperref/pd1enc.def
File: pd1enc.def 2003/11/30 v6.74m Hyperref: PDFDocEncoding definition (HO)
)
(/usr/local/teTeX/share/texmf.tetex/tex/latex/hyperref/hyperref.cfg
File: hyperref.cfg 2002/06/06 v1.2 hyperref configuration of TeXLive and teTeX
)
Package hyperref Info: Hyper figures OFF on input line 1880.
Package hyperref Info: Link nesting OFF on input line 1885.
Package hyperref Info: Hyper index ON on input line 1888.
Package hyperref Info: Plain pages ON on input line 1893.
Package hyperref Info: Backreferencing OFF on input line 1900.

Implicit mode ON; LaTeX internals redefined
Package hyperref Info: Bookmarks ON on input line 2004.
(/usr/local/teTeX/share/texmf.tetex/tex/latex/url/url.sty
\Urlmuskip=\muskip11
Package: url 2004/03/15  ver 3.1  Verb mode for urls, etc.
)
LaTeX Info: Redefining \url on input line 2143.
\Fld@menulength=\count103
\Field@Width=\dimen113
\Fld@charsize=\dimen114
\Choice@toks=\toks20
\Field@toks=\toks21
Package hyperref Info: Hyper figures OFF on input line 2618.
Package hyperref Info: Link nesting OFF on input line 2623.
Package hyperref Info: Hyper index ON on input line 2626.
Package hyperref Info: backreferencing OFF on input line 2633.
Package hyperref Info: Link coloring OFF on input line 2638.
\c@Item=\count104
\c@Hfootnote=\count105
)
*hyperref using default driver hpdftex*
(/usr/local/teTeX/share/texmf.tetex/tex/latex/hyperref/hpdftex.def
File: hpdftex.def 2003/11/30 v6.74m Hyperref driver for pdfTeX

(/usr/local/teTeX/share/texmf.tetex/tex/latex/psnfss/pifont.sty
Package: pifont 2004/09/15 PSNFSS-v9.2 Pi font support (SPQR) 
LaTeX Font Info:    Try loading font information for U+pzd on input line 63.

(/usr/local/teTeX/share/texmf.tetex/tex/latex/psnfss/upzd.fd
File: upzd.fd 2001/06/04 font definitions for U/pzd.
)
LaTeX Font Info:    Try loading font information for U+psy on input line 64.

(/usr/local/teTeX/share/texmf.tetex/tex/latex/psnfss/upsy.fd
File: upsy.fd 2001/06/04 font definitions for U/psy.
))
\Fld@listcount=\count106
\@outlinefile=\write3
)
(/usr/local/teTeX/share/texmf.tetex/tex/latex/multirow/multirow.sty
\bigstrutjot=\dimen115
)
(/usr/local/teTeX/share/texmf.tetex/tex/latex/tools/bm.sty
Package: bm 2004/02/26 v1.1c Bold Symbol Support (DPC/FMi)
\symboldoperators=\mathgroup6
\symboldletters=\mathgroup7
\symboldsymbols=\mathgroup8
LaTeX Font Info:    Redeclaring math alphabet \mathbf on input line 137.
LaTeX Info: Redefining \bm on input line 203.
) (./MANUAL.aux
(./parinp.aux) (./h2parinp.aux) (./heparinp.aux))
\openout1 = `MANUAL.aux'.

LaTeX Font Info:    Checking defaults for OML/cmm/m/it on input line 38.
LaTeX Font Info:    ... okay on input line 38.
LaTeX Font Info:    Checking defaults for T1/cmr/m/n on input line 38.
LaTeX Font Info:    ... okay on input line 38.
LaTeX Font Info:    Checking defaults for OT1/cmr/m/n on input line 38.
LaTeX Font Info:    ... okay on input line 38.
LaTeX Font Info:    Checking defaults for OMS/cmsy/m/n on input line 38.
LaTeX Font Info:    ... okay on input line 38.
LaTeX Font Info:    Checking defaults for OMX/cmex/m/n on input line 38.
LaTeX Font Info:    ... okay on input line 38.
LaTeX Font Info:    Checking defaults for U/cmr/m/n on input line 38.
LaTeX Font Info:    ... okay on input line 38.
LaTeX Font Info:    Checking defaults for PD1/pdf/m/n on input line 38.
LaTeX Font Info:    ... okay on input line 38.

(/usr/local/teTeX/share/texmf.tetex/tex/context/base/supp-pdf.tex
(/usr/local/teTeX/share/texmf.tetex/tex/context/base/supp-mis.tex
loading : Context Support Macros / Miscellaneous (2004.10.26)
\protectiondepth=\count107
\scratchcounter=\count108
\scratchtoks=\toks22
\scratchdimen=\dimen116
\scratchskip=\skip46
\scratchmuskip=\muskip12
\scratchbox=\box28
\scratchread=\read1
\scratchwrite=\write4
\zeropoint=\dimen117
\onepoint=\dimen118
\onebasepoint=\dimen119
\minusone=\count109
\thousandpoint=\dimen120
\onerealpoint=\dimen121
\emptytoks=\toks23
\nextbox=\box29
\nextdepth=\dimen122
\everyline=\toks24
\!!counta=\count110
\!!countb=\count111
\recursecounter=\count112
)
loading : Context Support Macros / PDF (2004.03.26)
\nofMPsegments=\count113
\nofMParguments=\count114
\MPscratchCnt=\count115
\MPscratchDim=\dimen123
\MPnumerator=\count116
\everyMPtoPDFconversion=\toks25
)
Package hyperref Info: Link coloring OFF on input line 38.
 (/usr/local/teTeX/share/texmf.tetex/tex/latex/hyperref/nameref.sty
Package: nameref 2003/12/03 v2.21 Cross-referencing by name of section
\c@section@level=\count117
)
LaTeX Info: Redefining \ref on input line 38.
LaTeX Info: Redefining \pageref on input line 38.

(./MANUAL.out) (./MANUAL.out)
\openout3 = `MANUAL.out'.

LaTeX Font Info:    Try loading font information for U+msa on input line 44.

(/usr/local/teTeX/share/texmf.tetex/tex/latex/amsfonts/umsa.fd
File: umsa.fd 2002/01/19 v2.2g AMS font definitions
)
LaTeX Font Info:    Try loading font information for U+msb on input line 44.

(/usr/local/teTeX/share/texmf.tetex/tex/latex/amsfonts/umsb.fd
File: umsb.fd 2002/01/19 v2.2g AMS font definitions
)
LaTeX Font Info:    Try loading font information for OMS+cmr on input line 44.

(/usr/local/teTeX/share/texmf.tetex/tex/latex/base/omscmr.fd
File: omscmr.fd 1999/05/25 v2.5h Standard LaTeX font definitions
)
LaTeX Font Info:    Font shape `OMS/cmr/m/it' in size <9> not available
(Font)              Font shape `OMS/cmsy/m/n' tried instead on input line 44.
LaTeX Font Info:    Font shape `OMS/cmr/m/n' in size <9> not available
(Font)              Font shape `OMS/cmsy/m/n' tried instead on input line 44.
 [1


{/usr/local/teTeX/share/texmf.local/fonts/map/pdftex/updmap/pdftex.map}]
Overfull \hbox (12.53758pt too wide) in paragraph at lines 45--50
[]\OT1/cmr/m/n/10 LBNL-AMO-MCTDHF is a col-lec-tion of ex-e-cutable pro-grams f
or the Mul-ti-con-fig-u-ra-tion Time-Dependent
 []

LaTeX Font Info:    Font shape `OMS/cmr/m/n' in size <10> not available
(Font)              Font shape `OMS/cmsy/m/n' tried instead on input line 51.
! pdfTeX warning (ext4): destination with the same identifier (name{page.1}) ha
s been already used, duplicate ignored
<to be read again> 
                   \penalty 
l.72 \tableofcontents
                      [1] (./MANUAL.toc [2

])
\tf@toc=\write5
\openout5 = `MANUAL.toc'.

 [3]
Chapter 1.
[4

]
Overfull \hbox (28.27075pt too wide) in paragraph at lines 156--156
[]\OT1/cmr/bx/n/14.4 Changes from pre-vi-ous ver-sion (chm-ctdh ver-sus chm-ct-
dhf[]atom,
 []

[5] [6]
Overfull \hbox (7.51224pt too wide) in paragraph at lines 272--272
 []           \OT1/cmtt/m/n/8 Time      matel     denmat    reduced    spfprop 
     aprop    advance  constrain    #DERIVS[] 
 []


Overfull \hbox (7.51224pt too wide) in paragraph at lines 272--272
 [] \OT1/cmtt/m/n/8 T=       0.100         40          2          0        146 
       640          3          0         81[] 
 []


Overfull \hbox (7.51224pt too wide) in paragraph at lines 272--272
 [] \OT1/cmtt/m/n/8 T=       0.150         61          4          0        229 
       865          5          0         80[] 
 []


Overfull \hbox (7.51224pt too wide) in paragraph at lines 272--272
 [] \OT1/cmtt/m/n/8 T=       0.200         81          5          0        282 
      1090          7          0         48[] 
 []


Overfull \hbox (7.51224pt too wide) in paragraph at lines 272--272
 [] \OT1/cmtt/m/n/8 T=       0.250        103          6          0        360 
      1315          9          0         58[] 
 []


Overfull \hbox (7.51224pt too wide) in paragraph at lines 272--272
 [] \OT1/cmtt/m/n/8 T=       0.300        124          8          0        424 
      1539         10          0         58[] 
 []


Overfull \hbox (7.51224pt too wide) in paragraph at lines 272--272
 [] \OT1/cmtt/m/n/8 T=       0.350        145          9          0        521 
      1763         12          0        104[] 
 []


Overfull \hbox (7.51224pt too wide) in paragraph at lines 272--272
 [] \OT1/cmtt/m/n/8 T=       0.400        166         10          0        592 
      1988         14          0         63[] 
 []


Overfull \hbox (7.51224pt too wide) in paragraph at lines 272--272
 [] \OT1/cmtt/m/n/8 T=       0.450        186         12          0        664 
      2213         16          0         63[] 
 []


Overfull \hbox (7.51224pt too wide) in paragraph at lines 291--291
 []                       \OT1/cmtt/m/n/8 Spfs           Prop            Act   
       Final             MPI        Non MPI[] 
 []


Overfull \hbox (3.26218pt too wide) in paragraph at lines 291--291
 []        \OT1/cmtt/m/n/8 0.000             0            508              0   
           2             16           6381[] 
 []


Overfull \hbox (3.26218pt too wide) in paragraph at lines 291--291
 []        \OT1/cmtt/m/n/8 0.050             0            857              0   
           5             23           6726[] 
 []

[7]
Overfull \hbox (3.26218pt too wide) in paragraph at lines 291--291
 []        \OT1/cmtt/m/n/8 2.150             0          10362              0   
         121            232          16139[] 
 []


Overfull \hbox (3.26218pt too wide) in paragraph at lines 291--291
 []        \OT1/cmtt/m/n/8 2.200             0          10539              0   
         124            242          16310[] 
 []

[8]
Chapter 2.
[9


! pdfTeX warning (ext4): destination with the same identifier (name{equation.2.
1}) has been already used, duplicate ignored
<to be read again> 
                   \endgroup \set@typeset@protect 
l.357 \chapter
              {Input}]
Chapter 3.
[10

]

LaTeX Warning: Reference `frosect' on page 11 undefined on input line 455.


Overfull \hbox (35.25069pt too wide) in paragraph at lines 459--462
[]\OT1/cmr/m/n/10 There are two meth-ods for re-stricted con-fig-u-ra-tion spac
es (see the pa-per). Den-sity ma-trix ([]\OT1/cmtt/m/n/10 constraintflag=1\OT1/
cmr/m/n/10 )
 []


Overfull \hbox (16.30014pt too wide) in paragraph at lines 459--462
\OT1/cmr/m/n/10 and dirac-frenkel ([]\OT1/cmtt/m/n/10 constraintflag=2\OT1/cmr/
m/n/10 ). A re-stricted con-fig-u-ra-tion space can be used with []\OT1/cmtt/m/
n/10 constraintflag=0\OT1/cmr/m/n/10 ,
 []

[11]
Overfull \hbox (5.42168pt too wide) in paragraph at lines 518--530
\OT1/cmr/m/n/10 den-sity ma-trix con-straint ([]\OT1/cmtt/m/n/10 constraintflag
=1\OT1/cmr/m/n/10 ), per-form a re-lax-ation cal-cu-la-tion with []\OT1/cmtt/m/
n/10 improvednatflag=1\OT1/cmr/m/n/10 ,
 []

[12] [13] [14] [15]
Overfull \hbox (51.83812pt too wide) in paragraph at lines 748--753
\OT1/cmr/m/n/10 Set []\OT1/cmtt/m/n/10 sparseconfigflag=0 \OT1/cmr/m/n/10 to us
e non-sparse con-fig-u-ra-tion rou-tines; oth-er-wise sparse is de-fault. If []
\OT1/cmtt/m/n/10 sparseconfigflag=0
 []


Overfull \hbox (74.94685pt too wide) in paragraph at lines 784--788
\OT1/cmr/m/n/10 Below I pro-vide ver-ba-tim copies of the files []\OT1/cmtt/m/n
/10 parameters.f90\OT1/cmr/m/n/10 , []\OT1/cmtt/m/n/10 H2PROJECT/H2_params.f90\
OT1/cmr/m/n/10 , and []\OT1/cmtt/m/n/10 HEPROJECT/He_params.f90\OT1/cmr/m/n/10 
.
 []

[16]
\openout2 = `parinp.aux'.

 (./parinp.tex
Overfull \hbox (3.76251pt too wide) in paragraph at lines 21--21
[]\OT1/cmtt/m/n/8 integer :: parorbsplit=1                         !!  Parallel
ize orbital calculation.  Might speed up, might[] 
 []


Overfull \hbox (25.01282pt too wide) in paragraph at lines 21--21
[]\OT1/cmtt/m/n/8 !! **********************************************************
************************************************* !![] 
 []


Overfull \hbox (25.01282pt too wide) in paragraph at lines 21--21
[]\OT1/cmtt/m/n/8 !! **********************************************************
************************************************* !![] 
 []


Overfull \hbox (25.01282pt too wide) in paragraph at lines 31--31
[]\OT1/cmtt/m/n/8 integer :: sparseconfigflag=0    !! Sparse       !! Sparse co
nfiguration routines on or off (for large # configs)[] 
 []


Overfull \hbox (46.26312pt too wide) in paragraph at lines 31--31
[]\OT1/cmtt/m/n/8 integer :: orbcompact=0          !!              !! Compact o
rbitals for expo prop with spfrestrictflag?  Probably ok.[] 
 []


Overfull \hbox (25.01282pt too wide) in paragraph at lines 56--56
[]\OT1/cmtt/m/n/8 integer :: mrestrictmax= 99999   !!              !! If doing 
state averaged MCSCF, can include a range of m vals;[] 
 []


Overfull \hbox (33.51294pt too wide) in paragraph at lines 56--56
[]\OT1/cmtt/m/n/8 integer :: mrestrictmin=-99999   !!              !!    set th
ese variables, with mrestrictflag=0, spfrestrictflag=1[] 
 []


Overfull \hbox (3.76251pt too wide) in paragraph at lines 56--56
[]\OT1/cmtt/m/n/8 integer :: restrictms=0          !!              !! For restr
ictflag=1: 2*m_s: 2x total m_s (multiplicity of[] 
 []


Overfull \hbox (33.51294pt too wide) in paragraph at lines 56--56
[]\OT1/cmtt/m/n/8 integer :: spinrestrictval=0     !!              !! For allsp
inproject=1: determines spin. Default high spin S=M_s.[] 
 []


Overfull \hbox (42.01306pt too wide) in paragraph at lines 56--56
[]                                                 \OT1/cmtt/m/n/8 !!  To overr
ide use this variable. Equals 2S if S^2 eigval is S(S+1)[] 
 []


Overfull \hbox (12.26263pt too wide) in paragraph at lines 69--69
[]\OT1/cmtt/m/n/8 integer :: numshells=1           !!              !! number of
 shells.  greater than one: possibly not full CI.[] 
 []


Overfull \hbox (16.5127pt too wide) in paragraph at lines 69--69
[]\OT1/cmtt/m/n/8 !!integer :: shelltop(100)=-1    !! Numfrozen=   !! shelltop 
is namelist input in parinp; the internal variable[] 
 []


Overfull \hbox (8.01257pt too wide) in paragraph at lines 69--69
[]                                                 \OT1/cmtt/m/n/8 !!    is all
shelltop.   shelltop(1) only may be assigned via[] 
 []


Overfull \hbox (25.01282pt too wide) in paragraph at lines 69--69
[]\OT1/cmtt/m/n/8 integer :: vexcite=99            !!              !! excitatio
ns INTO last shell. Use to restrict to doubles, etc.[] 
 []

[17

]
Overfull \hbox (8.01257pt too wide) in paragraph at lines 100--100
[]\OT1/cmtt/m/n/8 character (len=200) :: &         !!              !! A-vector 
binary file to read.  Can have different configs[] 
 []


Overfull \hbox (3.76251pt too wide) in paragraph at lines 100--100
[]\OT1/cmtt/m/n/8 character (len=200) :: &         !!              !! Spf file 
to read.  Can have fewer m vals, smaller radial[] 
 []


Overfull \hbox (12.26263pt too wide) in paragraph at lines 100--100
[]\OT1/cmtt/m/n/8 integer :: numholes=0                            !! Load a-ve
ctor with this many more electrons and annihilate[] 
 []


Overfull \hbox (8.01257pt too wide) in paragraph at lines 100--100
[]\OT1/cmtt/m/n/8 integer :: numholecombo=1                        !! Number of
 (products of) annihilation operators to combine[] 
 []


Overfull \hbox (16.5127pt too wide) in paragraph at lines 100--100
[]\OT1/cmtt/m/n/8 integer :: numloadfrozen=0                       !! For loadi
ng a vector with orbitals to be frozen (dangerous)[] 
 []


Overfull \hbox (3.76251pt too wide) in paragraph at lines 100--100
[]                                                 \OT1/cmtt/m/n/8 !!   numhole
combo, number of such products to combine; then[] 
 []


Overfull \hbox (33.51294pt too wide) in paragraph at lines 100--100
[]\OT1/cmtt/m/n/8 integer,allocatable:: myavectorexcitefrom(:,:,:) !! Similar t
o avectorhole.  Namelist input avectorexcitefrom, etc.[] 
 []


Overfull \hbox (16.5127pt too wide) in paragraph at lines 119--119
[]\OT1/cmtt/m/n/8 integer :: improvedquadflag=0    !!              !! Use newto
n iteration not diagonalization for improvedrelax.[] 
 []


Overfull \hbox (8.01257pt too wide) in paragraph at lines 119--119
[]                                                 \OT1/cmtt/m/n/8 !!     (1 = 
A-vector newton [old option 2], others disabled)[] 
 []


Overfull \hbox (3.76251pt too wide) in paragraph at lines 119--119
[]\OT1/cmtt/m/n/8 real*8 :: stopthresh=1d-5        !!              !! Spf error
 tolerance for relaxation convergence (PRIMARY)[] 
 []


Overfull \hbox (20.76276pt too wide) in paragraph at lines 119--119
[]\OT1/cmtt/m/n/8 real*8 :: astoptol=1d-7                          !! Avector e
rror tolerance for relax  (BACKUP - WAS STOPTHRESH)[] 
 []

[18]
Overfull \hbox (16.5127pt too wide) in paragraph at lines 137--137
[]                                                 \OT1/cmtt/m/n/8 !!  SEE MANU
AL FOR PROPER USE OF dfrestrictflag/shell options.[] 
 []


Overfull \hbox (3.76251pt too wide) in paragraph at lines 192--192
[]\OT1/cmtt/m/n/8 real*8 :: minpulsetime=0.d0      !!              !!  By defau
lt calc stops after pulse (overrides finaltime,[] 
 []

[19] [20]
Overfull \hbox (20.76276pt too wide) in paragraph at lines 297--297
[]\OT1/cmtt/m/n/8 integer :: sparseopt =1                          !! 0= direct
 CI  1= sparse matrix algebra (faster, more memory)[] 
 []


Overfull \hbox (3.76251pt too wide) in paragraph at lines 297--297
[]\OT1/cmtt/m/n/8 integer :: nosparseforce=0       !!              !! to overri
de exit with large number of configs, no sparse[] 
 []


Overfull \hbox (16.5127pt too wide) in paragraph at lines 297--297
[]\OT1/cmtt/m/n/8 integer :: maxaorder=1000        !!              !!   lanczos
 order for sparse a-vector prop and improvedquad=2[] 
 []


Overfull \hbox (33.51294pt too wide) in paragraph at lines 297--297
[]\OT1/cmtt/m/n/8 integer :: lancheckstep=20       !!              !! lanczos e
igen routine checks for convergence every this # steps[] 
 []


Overfull \hbox (16.5127pt too wide) in paragraph at lines 297--297
[]\OT1/cmtt/m/n/8 real*8 :: aerror=1d-9            !!              !! lanczos e
rror criterion for sparse a-vector CMF propagation[] 
 []


Overfull \hbox (20.76276pt too wide) in paragraph at lines 335--335
[]\OT1/cmtt/m/n/8 integer :: drivingflag=0                         !!  Solve fo
r the change in the wave function not wave function[] 
 []


Overfull \hbox (8.01257pt too wide) in paragraph at lines 335--335
[]\OT1/cmtt/m/n/8 integer :: noftflag=0            !!              !! turns off
 f.t. for flux. use for e.g. core hole propag'n.[] 
 []

[21]) [22]
\openout2 = `h2parinp.aux'.

 (./h2parinp.tex
Overfull \hbox (12.26263pt too wide) in paragraph at lines 65--65
[]\OT1/cmtt/m/n/8 integer :: reducedflag=0         !!              !! Use reduc
ed e^- masses?  Default 1 (yes) with bornopflag=0[] 
 []


Overfull \hbox (12.26263pt too wide) in paragraph at lines 65--65
[]\OT1/cmtt/m/n/8 real*8 :: pro_Hmass=1836.152701d0!!              !! Masses of
 nuclei: pro_Hmass is the mass of nucleus one and[] 
 []

[23


]) [24]
\openout2 = `heparinp.aux'.

 (./heparinp.tex) [25


]
Chapter 4.

Underfull \hbox (badness 10000) in paragraph at lines 804--805

 []

[26


]
Overfull \hbox (103.33429pt too wide) in paragraph at lines 889--903
[][]
 []


Underfull \hbox (badness 10000) in paragraph at lines 889--903

 []

[27] [28]
Chapter 5.

Underfull \hbox (badness 10000) in paragraph at lines 953--957

 []

[29

]
Overfull \hbox (29.33923pt too wide) in paragraph at lines 978--980
[]\OT1/cmr/m/n/10 One can ro-tate the or-bitals to be nat-u-ral or-bitals dur-i
ng a re-lax-ation cal-cu-la-tion us-ing []\OT1/cmtt/m/n/10 improvednatflag=1\OT
1/cmr/m/n/10 .
 []


Underfull \hbox (badness 10000) in paragraph at lines 996--1011

 []

[30]
Underfull \hbox (badness 10000) in paragraph at lines 1033--1035

 []


Underfull \hbox (badness 10000) in paragraph at lines 1036--1044

 []


Overfull \hbox (13.28476pt too wide) in paragraph at lines 1084--1109
[][] 
 []

[31] [32]
Chapter 6.
[33

] [34]
Overfull \hbox (14.05379pt too wide) in paragraph at lines 1288--1292
[][] 
 []


Underfull \hbox (badness 10000) in paragraph at lines 1304--1307

 []


Overfull \hbox (7.81152pt too wide) in paragraph at lines 1322--1323
\OT1/cmr/m/n/10 Fourier trans-forms of au-to-cor-re-la-tion func-tions are cal-
cu-lated by us-ing []\OT1/cmtt/m/n/10 &parinp \OT1/cmr/m/n/10 namelist vari-abl
es []\OT1/cmtt/m/n/10 corrflag
 []

[35]
Chapter 7.
LaTeX Font Info:    Font shape `OMS/cmr/m/n' in size <14.4> not available
(Font)              Font shape `OMS/cmsy/m/n' tried instead on input line 1338.

LaTeX Font Info:    Font shape `OMS/cmr/m/n' in size <24.88> not available
(Font)              Font shape `OMS/cmsy/m/n' tried instead on input line 1340.

[36

] <natplot.png, id=527, 579.1236pt x 396.0396pt>
File: natplot.png Graphic file (type png)
 <use natplot.png>
<Spfs_10_T0101_prop1_range2.png, id=528, 240.9pt x 240.9pt>
File: Spfs_10_T0101_prop1_range2.png Graphic file (type png)

<use Spfs_10_T0101_prop1_range2.png>
<Spfs_10_T0201_prop1_range1.png, id=529, 240.9pt x 240.9pt>
File: Spfs_10_T0201_prop1_range1.png Graphic file (type png)

<use Spfs_10_T0201_prop1_range1.png>
<Spfs_10_T0201_prop1_range2.png, id=530, 240.9pt x 240.9pt>
File: Spfs_10_T0201_prop1_range2.png Graphic file (type png)

<use Spfs_10_T0201_prop1_range2.png> [37 <./natplot.png (PNG copy)>] [38 <./Spf
s_10_T0101_prop1_range2.png (PNG copy)> <./Spfs_10_T0201_prop1_range1.png (PNG 
copy)> <./Spfs_10_T0201_prop1_range2.png (PNG copy)>] [39]
Chapter 8.

Overfull \hbox (61.77948pt too wide) in paragraph at lines 1485--1486
\OT1/cmr/m/n/10 I run this with []\OT1/cmtt/m/n/10 mctdh Inp=Input.Inp.Relax |t
ee Outs/Out.Relax  \OT1/cmr/m/n/10 and then save []\OT1/cmtt/m/n/10 spfs.bin \O
T1/cmr/m/n/10 to []\OT1/cmtt/m/n/10 Bin/spfs.bin.relax
 []

[40

] [41]
Overfull \hbox (60.10997pt too wide) in paragraph at lines 1519--1520
[]\OT1/cmr/m/n/10 Photoionization cross sec-tions are cal-cu-lated with e.g. []
\OT1/cmtt/m/n/10 chmctdh Eground=-99.80004 Inp=Input.Inp.Corr Act=16
 []

[42] [43]
Chapter 9.

Overfull \hbox (20.00104pt too wide) in paragraph at lines 1583--1592
[]\OT1/cmtt/m/n/9 lrw-r--r--  1 dha...17:14 Makefile.header -> ../MCTDH.SRC/Mak
efile.header.lawrencium.debug 
 []

[44

] [45]
Overfull \hbox (42.01306pt too wide) in paragraph at lines 1727--1727
[]\OT1/cmtt/m/n/8 -rw-------  derivs.f90                      x Orbital propaga
tion subroutines - working equation, call of expo_driver[] 
 []


Overfull \hbox (37.763pt too wide) in paragraph at lines 1727--1727
[]\OT1/cmtt/m/n/8 -rw-------  denmat.f90                      x 1-e reduced den
mat and miscellaneous (denmat constraint for restricted[] 
 []


Overfull \hbox (59.0133pt too wide) in paragraph at lines 1727--1727
[]\OT1/cmtt/m/n/8 -rw-r--r--  newconfig.f90                   x Configuration s
ubroutines (get configuration list, get configuration index)[] 
 []


Overfull \hbox (67.51343pt too wide) in paragraph at lines 1727--1727
[]\OT1/cmtt/m/n/8 -rw-------  dfconstrain.f90                 x Restricted conf
iguration list - computation of g and tau, orbital derivatives[] 
 []


Overfull \hbox (25.01282pt too wide) in paragraph at lines 1727--1727
[]\OT1/cmtt/m/n/8 -rw-------  expokit.f                       x Exponential pro
pagator for orbitals, also psi-prime & miscellaneous[] 
 []


Overfull \hbox (33.51294pt too wide) in paragraph at lines 1727--1727
[]                                                   \OT1/cmtt/m/n/8 Roger B. S
idje U Queensland         modified in key places by me[] 
 []

[46]
Overfull \hbox (60.42593pt too wide) in paragraph at lines 1739--1742
[]\OT1/cmr/m/n/10 To add a new project di-rec-tory, put the source code in a su
b-di-rec-tory of []\OT1/cmtt/m/n/10 MCTDH.SRC\OT1/cmr/m/n/10 , per-haps []\OT1/
cmtt/m/n/10 MCTDH.SRC/NEWPROJECT\OT1/cmr/m/n/10 ;
 []


Overfull \hbox (44.50706pt too wide) in paragraph at lines 1743--1746
[]\OT1/cmr/m/n/10 That should set up []\OT1/cmtt/m/n/10 BIN/NEWPROJECT\OT1/cmr/
m/n/10 ; then you can re-cur-sively copy []\OT1/cmtt/m/n/10 BIN.NEWPROJECT \OT1
/cmr/m/n/10 to []\OT1/cmtt/m/n/10 BIN.ecs.hernorm.debug
 []


Overfull \hbox (6.75189pt too wide) in paragraph at lines 1766--1766
[]        \OT1/cmtt/m/n/10 $(F90) $(LOADFLAGS) -o $(NAME)_newproject  $(openmp)
 $(DFFTPACK) $(SRCS) mctdhf\[] 
 []

[47]
Underfull \hbox (badness 10000) in paragraph at lines 1782--1783

 []


Overfull \hbox (13.85857pt too wide) in paragraph at lines 1792--1793
[]\OT1/cmr/m/n/10 The wave func-tion (or-bital co-ef-fi-cients and A-vector) at
 the present time step. yyy%cmfpsivec(:,1)
 []


Overfull \hbox (21.5787pt too wide) in paragraph at lines 1797--1800
\OT1/cmr/m/n/10 start. Thus, to pass a sub-rou-tine the cur-rent spfs, use []\O
T1/cmtt/m/n/10 call mysub(yyy%cmfpsivec(spfstart,0))\OT1/cmr/m/n/10 . 
 []

[48] (./MANUAL.aux (./parinp.aux) (./h2parinp.aux) (./heparinp.aux))

LaTeX Warning: There were undefined references.

 ) 
Here is how much of TeX's memory you used:
 3837 strings out of 95137
 50087 string characters out of 1183014
 2096991 words of memory out of 4551826
 6770 multiletter control sequences out of 10000+50000
 22861 words of font info for 84 fonts, out of 2000000 for 2000
 58 hyphenation exceptions out of 5000
 27i,14n,36p,803b,399s stack positions out of 5000i,500n,6000p,200000b,40000s
PDF statistics:
 585 PDF objects out of 300000
 113 named destinations out of 131072
 509 words of extra memory for PDF output out of 10000
</usr/local/teTeX/share/texmf.tetex/fonts/type1/bluesky/cm/cmsy6.pfb></usr/lo
cal/teTeX/share/texmf.tetex/fonts/type1/bluesky/cm/cmr8.pfb></usr/local/teTeX/s
hare/texmf.tetex/fonts/type1/bluesky/cm/cmr5.pfb></usr/local/teTeX/share/texmf.
tetex/fonts/type1/bluesky/cm/cmti10.pfb></usr/local/teTeX/share/texmf.tetex/fon
ts/type1/bluesky/cm/cmtt9.pfb></usr/local/teTeX/share/texmf.tetex/fonts/type1/b
luesky/cm/cmex10.pfb></usr/local/teTeX/share/texmf.tetex/fonts/type1/bluesky/cm
/cmmi7.pfb></usr/local/teTeX/share/texmf.tetex/fonts/type1/bluesky/cm/cmmi10.pf
b></usr/local/teTeX/share/texmf.tetex/fonts/type1/bluesky/cm/cmtt8.pfb></usr/lo
cal/teTeX/share/texmf.tetex/fonts/type1/bluesky/cm/cmr7.pfb></usr/local/teTeX/s
hare/texmf.tetex/fonts/type1/bluesky/cm/cmsy7.pfb></usr/local/teTeX/share/texmf
.tetex/fonts/type1/bluesky/cm/cmsl10.pfb></usr/local/teTeX/share/texmf.tetex/fo
nts/type1/bluesky/cm/cmbx10.pfb></usr/local/teTeX/share/texmf.tetex/fonts/type1
/bluesky/cm/cmbx12.pfb></usr/local/teTeX/share/texmf.tetex/fonts/type1/bluesky/
cm/cmtt10.pfb></usr/local/teTeX/share/texmf.tetex/fonts/type1/bluesky/cm/cmsy10
.pfb></usr/local/teTeX/share/texmf.tetex/fonts/type1/bluesky/cm/cmr10.pfb></usr
/local/teTeX/share/texmf.tetex/fonts/type1/bluesky/cm/cmti9.pfb></usr/local/teT
eX/share/texmf.tetex/fonts/type1/bluesky/cm/cmsy9.pfb></usr/local/teTeX/share/t
exmf.tetex/fonts/type1/bluesky/cm/cmr9.pfb></usr/local/teTeX/share/texmf.tetex/
fonts/type1/bluesky/cm/cmr12.pfb></usr/local/teTeX/share/texmf.tetex/fonts/type
1/bluesky/cm/cmr17.pfb>
Output written on MANUAL.pdf (49 pages, 697141 bytes).
