\BOOKMARK [0][-]{chapter.1}{Preliminaries}{}
\BOOKMARK [1][-]{section.1.1}{Installation}{chapter.1}
\BOOKMARK [1][-]{section.1.2}{Symbolic links}{chapter.1}
\BOOKMARK [1][-]{section.1.3}{Running the code}{chapter.1}
\BOOKMARK [1][-]{section.1.4}{File system hygiene}{chapter.1}
\BOOKMARK [1][-]{section.1.5}{Run Control}{chapter.1}
\BOOKMARK [1][-]{section.1.6}{Changes from previous version \(chmctdh versus chmctdhf\137atom, etc. - May 2014\)}{chapter.1}
\BOOKMARK [1][-]{section.1.7}{Optimizing your runs}{chapter.1}
\BOOKMARK [0][-]{chapter.2}{Nomenclature}{}
\BOOKMARK [0][-]{chapter.3}{Input}{}
\BOOKMARK [1][-]{section.3.1}{Namelist input}{chapter.3}
\BOOKMARK [1][-]{section.3.2}{Specifying the wave function}{chapter.3}
\BOOKMARK [2][-]{subsection.3.2.1}{Symmetry constraints}{section.3.2}
\BOOKMARK [2][-]{subsection.3.2.2}{Restricted configuration spaces}{section.3.2}
\BOOKMARK [2][-]{subsection.3.2.3}{Specifying the initial orbitals}{section.3.2}
\BOOKMARK [2][-]{subsection.3.2.4}{Frozen orbitals }{section.3.2}
\BOOKMARK [2][-]{subsection.3.2.5}{Specifying the initial A-vector}{section.3.2}
\BOOKMARK [2][-]{subsection.3.2.6}{Annihilation}{section.3.2}
\BOOKMARK [2][-]{subsection.3.2.7}{Excitation}{section.3.2}
\BOOKMARK [1][-]{section.3.3}{Primitive basis and Hamiltonian}{chapter.3}
\BOOKMARK [1][-]{section.3.4}{Propagation parameters}{chapter.3}
\BOOKMARK [2][-]{subsection.3.4.1}{Analyzing the propagation}{section.3.4}
\BOOKMARK [2][-]{subsection.3.4.2}{Using sparse configuration routines}{section.3.4}
\BOOKMARK [1][-]{section.3.5}{Action input}{chapter.3}
\BOOKMARK [1][-]{section.3.6}{Complete list of namelist variables}{chapter.3}
\BOOKMARK [0][-]{chapter.4}{Output}{}
\BOOKMARK [1][-]{section.4.1}{Action output \(incomplete list\)}{chapter.4}
\BOOKMARK [0][-]{chapter.5}{Types of calculation}{}
\BOOKMARK [1][-]{section.5.1}{Relaxation calculation}{chapter.5}
\BOOKMARK [2][-]{subsection.5.1.1}{Utility}{section.5.1}
\BOOKMARK [1][-]{section.5.2}{Pulse calculation}{chapter.5}
\BOOKMARK [1][-]{section.5.3}{Propagation calculation, no pulse}{chapter.5}
\BOOKMARK [0][-]{chapter.6}{Actions}{}
\BOOKMARK [1][-]{section.6.1}{Flux and projected flux for photoionization}{chapter.6}
\BOOKMARK [2][-]{subsection.6.1.1}{Options for saving wave function during propagation \(Action 15\)}{section.6.1}
\BOOKMARK [1][-]{section.6.2}{Total flux \(Action 16\) for total photoionization}{chapter.6}
\BOOKMARK [1][-]{section.6.3}{Projected flux \(Action 17\)}{chapter.6}
\BOOKMARK [1][-]{section.6.4}{Calculating overlaps with given wave functions}{chapter.6}
\BOOKMARK [1][-]{section.6.5}{Fourier transform of dipole moment for absorption}{chapter.6}
\BOOKMARK [1][-]{section.6.6}{Autocorrelation, action 1}{chapter.6}
\BOOKMARK [0][-]{chapter.7}{Viewing the output}{}
\BOOKMARK [1][-]{section.7.1}{Two auxillary files}{chapter.7}
\BOOKMARK [1][-]{section.7.2}{Viewing natural orbitals, orbitals, density, R-natural orbitals, and projections of natural configurations}{chapter.7}
\BOOKMARK [0][-]{chapter.8}{Example inputs}{}
\BOOKMARK [1][-]{section.8.1}{Photoionization}{chapter.8}
\BOOKMARK [2][-]{subsection.8.1.1}{Initial state: Input.Inp.Relax}{section.8.1}
\BOOKMARK [2][-]{subsection.8.1.2}{Pulse: Input.Inp.Pulse}{section.8.1}
\BOOKMARK [2][-]{subsection.8.1.3}{Propagation and Flux: Input.Inp.Corr}{section.8.1}
\BOOKMARK [2][-]{subsection.8.1.4}{Cation for projected flux: Input.Inp.Cation}{section.8.1}
\BOOKMARK [1][-]{section.8.2}{Overlaps}{chapter.8}
\BOOKMARK [1][-]{section.8.3}{Absorption/emission}{chapter.8}
\BOOKMARK [0][-]{chapter.9}{Programmers' guide}{}
\BOOKMARK [1][-]{section.9.1}{Directory structure}{chapter.9}
\BOOKMARK [1][-]{section.9.2}{Main program files}{chapter.9}
\BOOKMARK [1][-]{section.9.3}{Project directories}{chapter.9}
\BOOKMARK [1][-]{section.9.4}{About the Makefile and Makeme}{chapter.9}
\BOOKMARK [1][-]{section.9.5}{Source codes}{chapter.9}
\BOOKMARK [1][-]{section.9.6}{Project directories}{chapter.9}
\BOOKMARK [2][-]{subsection.9.6.1}{Functions/subroutines that are necessary to define}{section.9.6}
